<?xml version="1.0" encoding="UTF-8"?>
<!-- Generated by org.testng.reporters.JUnitReportReporter -->
<testsuite hostname="The-Batcomputer" failures="0" tests="1" name="runners.Runner" time="2.556" errors="0" timestamp="2023-02-22T18:25:19 EST" skipped="0">
  <testcase classname="runners.Runner" name="runScenario" time="2.556"/>
  <system-out/>
</testsuite> <!-- runners.Runner -->
