<?xml version="1.0" encoding="UTF-8"?>
<!-- Generated by org.testng.reporters.JUnitReportReporter -->
<testsuite hostname="The-Batcomputer" failures="0" tests="2" name="runnerClasses.Runner" time="8.964" errors="0" timestamp="2022-03-04T13:29:25 EST" skipped="0">
  <testcase classname="runnerClasses.Runner" name="runScenario" time="6.800"/>
  <system-out/>
  <testcase classname="runnerClasses.Runner" name="runScenario" time="2.164"/>
  <system-out/>
</testsuite> <!-- runnerClasses.Runner -->
