<?xml version="1.0" encoding="UTF-8"?>
<!-- Generated by org.testng.reporters.JUnitReportReporter -->
<testsuite hostname="The-Batcomputer" failures="0" tests="4" name="io.github.dylanrusselldev.runners.Runner" time="12.302" errors="0" timestamp="2023-03-12T09:35:37 EDT" skipped="0">
  <testcase classname="io.github.dylanrusselldev.runners.Runner" name="runScenario" time="1.583"/>
  <system-out/>
  <testcase classname="io.github.dylanrusselldev.runners.Runner" name="runScenario" time="2.873"/>
  <system-out/>
  <testcase classname="io.github.dylanrusselldev.runners.Runner" name="runScenario" time="1.974"/>
  <system-out/>
  <testcase classname="io.github.dylanrusselldev.runners.Runner" name="runScenario" time="5.872"/>
  <system-out/>
</testsuite> <!-- io.github.dylanrusselldev.runners.Runner -->
