<?xml version="1.0" encoding="UTF-8"?>
<!-- Generated by org.testng.reporters.JUnitReportReporter -->
<testsuite hostname="The-Batcomputer" failures="0" tests="1" name="runnerClasses.Runner" time="2.804" errors="0" timestamp="2022-05-10T15:59:56 EDT" skipped="0">
  <testcase classname="runnerClasses.Runner" name="runScenario" time="2.804"/>
  <system-out/>
</testsuite> <!-- runnerClasses.Runner -->
